#
# A fatal error has been detected by the Java Runtime Environment:
#
#  Internal Error (javaClasses.cpp:126), pid=4768, tid=7408
#  fatal error: Invalid layout of preloaded class
#
# JRE version:  (8.0_31-b13) (build )
# Java VM: Java HotSpot(TM) 64-Bit Server VM (25.31-b07 mixed mode windows-amd64 compressed oops)
# Failed to write core dump. Minidumps are not enabled by default on client versions of Windows
#
# If you would like to submit a bug report, please visit:
#   http://bugreport.java.com/bugreport/crash.jsp
#

---------------  T H R E A D  ---------------

Current thread (0x0000000000d6e000):  JavaThread "Unknown thread" [_thread_in_vm, id=7408, stack(0x00000000024a0000,0x00000000025a0000)]

Stack: [0x00000000024a0000,0x00000000025a0000]
Native frames: (J=compiled Java code, j=interpreted, Vv=VM code, C=native code)
V  [jvm.dll+0x3169ba]
V  [jvm.dll+0x2674c3]
V  [jvm.dll+0x268103]
V  [jvm.dll+0x25f876]
V  [jvm.dll+0x5e443]
V  [jvm.dll+0x5e533]
V  [jvm.dll+0x72e9a]
V  [jvm.dll+0x73208]
V  [jvm.dll+0xe4997]
V  [jvm.dll+0xe4d26]
V  [jvm.dll+0x1fa057]
V  [jvm.dll+0x22b694]
V  [jvm.dll+0x14d8c1]
C  [javaw.exe+0x20c6]
C  [javaw.exe+0xc9eb]
C  [javaw.exe+0xca7f]
C  [KERNEL32.DLL+0x13d2]
C  [ntdll.dll+0x15444]


---------------  P R O C E S S  ---------------

Java Threads: ( => current thread )

Other Threads:

=>0x0000000000d6e000 (exited) JavaThread "Unknown thread" [_thread_in_vm, id=7408, stack(0x00000000024a0000,0x00000000025a0000)]

VM state:not at safepoint (not fully initialized)

VM Mutex/Monitor currently owned by a thread: None

GC Heap History (0 events):
No events

Deoptimization events (0 events):
No events

Internal exceptions (0 events):
No events

Events (10 events):
Event: 0.029 loading class java/lang/CharSequence done
Event: 0.029 loading class java/lang/String done
Event: 0.029 loading class java/lang/Class
Event: 0.029 loading class java/lang/reflect/AnnotatedElement
Event: 0.029 loading class java/lang/reflect/AnnotatedElement done
Event: 0.029 loading class java/lang/reflect/GenericDeclaration
Event: 0.030 loading class java/lang/reflect/GenericDeclaration done
Event: 0.030 loading class java/lang/reflect/Type
Event: 0.030 loading class java/lang/reflect/Type done
Event: 0.030 loading class java/lang/Class done


Dynamic libraries:
0x00007ff6f6660000 - 0x00007ff6f6694000 	C:\Program Files\Java\jdk1.8.0_31\bin\javaw.exe
0x00007ffaa41d0000 - 0x00007ffaa437c000 	C:\Windows\SYSTEM32\ntdll.dll
0x00007ffaa35e0000 - 0x00007ffaa371e000 	C:\Windows\system32\KERNEL32.DLL
0x00007ffaa1730000 - 0x00007ffaa1845000 	C:\Windows\system32\KERNELBASE.dll
0x00007ffa9fec0000 - 0x00007ffa9ff4e000 	C:\Windows\system32\apphelp.dll
0x00007ffa87250000 - 0x00007ffa872a3000 	C:\Windows\AppPatch\AppPatch64\AcGenral.DLL
0x00007ffaa1ad0000 - 0x00007ffaa1b7a000 	C:\Windows\system32\msvcrt.dll
0x00007ffaa10e0000 - 0x00007ffaa110e000 	C:\Windows\SYSTEM32\SspiCli.dll
0x00007ffaa1e00000 - 0x00007ffaa1e54000 	C:\Windows\system32\SHLWAPI.dll
0x00007ffaa39b0000 - 0x00007ffaa3b27000 	C:\Windows\system32\USER32.dll
0x00007ffaa3c30000 - 0x00007ffaa3dc4000 	C:\Windows\system32\ole32.dll
0x00007ffaa1e60000 - 0x00007ffaa3378000 	C:\Windows\system32\SHELL32.dll
0x00007ffaa08c0000 - 0x00007ffaa08e1000 	C:\Windows\SYSTEM32\USERENV.dll
0x00007ffaa3dd0000 - 0x00007ffaa3e7a000 	C:\Windows\system32\ADVAPI32.dll
0x00007ffa918c0000 - 0x00007ffa918de000 	C:\Windows\SYSTEM32\MPR.dll
0x00007ffaa3480000 - 0x00007ffaa35c1000 	C:\Windows\system32\RPCRT4.dll
0x00007ffaa1850000 - 0x00007ffaa18a9000 	C:\Windows\SYSTEM32\sechost.dll
0x00007ffaa18b0000 - 0x00007ffaa1ac1000 	C:\Windows\SYSTEM32\combase.dll
0x00007ffaa4060000 - 0x00007ffaa41b1000 	C:\Windows\system32\GDI32.dll
0x00007ffaa1320000 - 0x00007ffaa1335000 	C:\Windows\SYSTEM32\profapi.dll
0x00007ffa9f4d0000 - 0x00007ffa9f582000 	C:\Windows\SYSTEM32\SHCORE.dll
0x00007ffaa3b30000 - 0x00007ffaa3b66000 	C:\Windows\system32\IMM32.DLL
0x00007ffaa3720000 - 0x00007ffaa3872000 	C:\Windows\system32\MSCTF.dll
0x00007ffa9ecc0000 - 0x00007ffa9ef3a000 	C:\Windows\WinSxS\amd64_microsoft.windows.common-controls_6595b64144ccf1df_6.0.9600.17810_none_6240b9c7ecbd0bda\COMCTL32.dll
0x000000005ba10000 - 0x000000005bae2000 	C:\Program Files\Java\jdk1.8.0_31\jre\bin\msvcr100.dll
0x000000005b1b0000 - 0x000000005ba0a000 	C:\Program Files\Java\jdk1.8.0_31\jre\bin\server\jvm.dll
0x00007ffa966b0000 - 0x00007ffa966b9000 	C:\Windows\SYSTEM32\WSOCK32.dll
0x00007ffa9b160000 - 0x00007ffa9b182000 	C:\Windows\SYSTEM32\WINMM.dll
0x00007ffaa3470000 - 0x00007ffaa3477000 	C:\Windows\system32\PSAPI.DLL
0x00007ffaa1bf0000 - 0x00007ffaa1c4a000 	C:\Windows\system32\WS2_32.dll
0x00007ffa9b0a0000 - 0x00007ffa9b0ca000 	C:\Windows\SYSTEM32\WINMMBASE.dll
0x00007ffaa3460000 - 0x00007ffaa3469000 	C:\Windows\system32\NSI.dll
0x00007ffaa14a0000 - 0x00007ffaa14ef000 	C:\Windows\SYSTEM32\cfgmgr32.dll
0x00007ffaa0130000 - 0x00007ffaa0158000 	C:\Windows\SYSTEM32\DEVOBJ.dll
0x000000005b1a0000 - 0x000000005b1af000 	C:\Program Files\Java\jdk1.8.0_31\jre\bin\verify.dll
0x000000005b170000 - 0x000000005b198000 	C:\Program Files\Java\jdk1.8.0_31\jre\bin\java.dll
0x000000005b150000 - 0x000000005b166000 	C:\Program Files\Java\jdk1.8.0_31\jre\bin\zip.dll
0x00007ffa82480000 - 0x00007ffa82609000 	C:\Windows\SYSTEM32\dbghelp.dll

VM Arguments:
jvm_args: -ea -Dfile.encoding=Cp1252 -Xbootclasspath:C:\Users\htan\Android\platforms\android-19\android.jar 
java_command: org.testng.remote.RemoteTestNG -serport 55517 -d C:\Users\htan\workspace1\Android.Sampleapp\test-output C:\Users\htan\AppData\Local\Temp\testng-eclipse-1418982868\testng-customsuite.xml
java_class_path (initial): C:\Users\htan\eclipse\plugins\org.testng.eclipse_6.9.5.201506120235\lib\testng.jar;C:\Users\htan\eclipse\plugins\org.testng.eclipse_6.9.5.201506120235\lib\jcommander.jar;C:\Users\htan\eclipse\plugins\org.testng.eclipse_6.9.5.201506120235\lib\bsh-2.0b4.jar;C:\Users\htan\eclipse\plugins\org.testng.eclipse_6.9.5.201506120235\lib\snakeyaml.jar;C:\Users\htan\workspace1\Android.Sampleapp\bin\classes;C:\Users\htan\eclipse\plugins\org.testng.eclipse_6.9.5.201506120235\lib\testng.jar;C:\Users\htan\eclipse\plugins\org.testng.eclipse_6.9.5.201506120235\lib\jcommander.jar;C:\Users\htan\eclipse\plugins\org.testng.eclipse_6.9.5.201506120235\lib\bsh-2.0b4.jar;C:\Users\htan\eclipse\plugins\org.testng.eclipse_6.9.5.201506120235\lib\snakeyaml.jar;C:\Users\htan\Software Library\selenium-server-standalone-2.46.0.jar
Launcher Type: SUN_STANDARD

Environment Variables:
JAVA_HOME=C:\Program Files\Java\jdk1.8.0_31
PATH=C:/Program Files/Java/jre1.8.0_45/bin/server;C:/Program Files/Java/jre1.8.0_45/bin;C:/Program Files/Java/jre1.8.0_45/lib/amd64;C:\ProgramData\Oracle\Java\javapath;C:\Program Files (x86)\Intel\TXE Components\TCS\;C:\Program Files\Intel\TXE Components\TCS\;C:\Windows\system32;C:\Windows;C:\Windows\System32\Wbem;C:\Windows\System32\WindowsPowerShell\v1.0\;C:\Program Files\Intel\WiFi\bin\;C:\Program Files\Common Files\Intel\WirelessCommon\;  C:\Program Files (x86)\MySQL\MySQL Connector J\mysql-connector-java-5.1.34-bin.jar;C:\Program Files (x86)\MySQL\MySQL Fabric 1.5.3 & MySQL Utilities 1.5.3 1.5\;C:\Program Files (x86)\MySQL\MySQL Fabric 1.5.3 & MySQL Utilities 1.5.3 1.5\Doctrine extensions for PHP\; C:\Software Library\Wget\; C:\Software Library\apache-log4j-1.2.17\log4j-1.2.17.jar; ;C:\Program Files (x86)\Skype\Phone\; C:\Program Files\Java\jdk1.8.0_31\bin; C:\Users\htan\apache-tomcat-7.0.59\lib; C:\Program Files\Java\glassfish4\glassfish\; C:\Users\htan\apache-maven-3.2.5\bin;C:\Users\htan\apache-maven-3.2.5\bin; C:\Users\htan\Software Library\groovy-2.4.3\bin;\bin; C:\Users\htan\Android\platform-tools; C:\Users\htan\Android\tools; C:\Program Files\nodejs\;;C:\Users\htan\eclipse;
USERNAME=htan
OS=Windows_NT
PROCESSOR_IDENTIFIER=Intel64 Family 6 Model 55 Stepping 8, GenuineIntel



---------------  S Y S T E M  ---------------

OS: Windows 8.1 , 64 bit Build 9600 

CPU:total 4 (4 cores per cpu, 1 threads per core) family 6 model 55 stepping 8, cmov, cx8, fxsr, mmx, sse, sse2, sse3, ssse3, sse4.1, sse4.2, popcnt, clmul, erms, tsc, tscinvbit

Memory: 4k page, physical 4073680k(658816k free), swap 9159160k(1471492k free)

vm_info: Java HotSpot(TM) 64-Bit Server VM (25.31-b07) for windows-amd64 JRE (1.8.0_31-b13), built on Dec 17 2014 21:00:28 by "java_re" with MS VC++ 10.0 (VS2010)

time: Fri Jul 03 17:59:00 2015
elapsed time: 0 seconds (0d 0h 0m 0s)

